<?xml version="1.0" encoding="UTF-8"?>
<testng-results skipped="0" failed="0" ignored="0" total="1" passed="1">
  <reporter-output>
  </reporter-output>
  <suite name="Default suite" duration-ms="5858" started-at="2022-11-16T03:26:10Z" finished-at="2022-11-16T03:26:16Z">
    <groups>
    </groups>
    <test name="Default test" duration-ms="5858" started-at="2022-11-16T03:26:10Z" finished-at="2022-11-16T03:26:16Z">
      <class name="test.TestClass">
        <test-method status="PASS" signature="f()[pri:0, instance:test.TestClass@ce0030]" name="f" duration-ms="5831" started-at="2022-11-16T03:26:10Z" finished-at="2022-11-16T03:26:16Z">
          <reporter-output>
          </reporter-output>
        </test-method> <!-- f -->
      </class> <!-- test.TestClass -->
    </test> <!-- Default test -->
  </suite> <!-- Default suite -->
</testng-results>
